2.63E+0000      247.10
4.93E+0002      220.09
7.05E+0002      222.32
6.25E+0002      219.86
6.27E+0002      216.10
2.19E+0001      183.85
6.54E+0002      221.28
 
1.90E+0001      223.68
6.47E+0002      214.84
7.12E+0002      214.77
7.06E+0002      215.87
7.16E+0002      216.58
6.61E+0002      218.96
6.77E+0002      216.65
 
1.85E+0001      228.03
5.23E+0002      216.55
4.74E+0002      216.50
4.98E+0002      212.67
5.70E+0002      213.54
6.30E+0002      219.42
5.62E+0002      214.46
 
